<?xml version="1.0" encoding="UTF-8"?>
<testsuites name="jest tests" tests="7" failures="0" errors="0" time="2.656">
  <testsuite name="Game" errors="0" failures="0" skipped="0" timestamp="2024-04-19T22:39:38" time="1.205" tests="1">
    <testcase classname="Game constructor should initialize the game correctly" name="Game constructor should initialize the game correctly" time="0.011">
    </testcase>
  </testsuite>
  <testsuite name="BoardView" errors="0" failures="0" skipped="0" timestamp="2024-04-19T22:39:38" time="1.218" tests="4">
    <testcase classname="BoardView showModule should display the module with the given ID" name="BoardView showModule should display the module with the given ID" time="0.015">
    </testcase>
    <testcase classname="BoardView hideModule should hide the module with the given ID" name="BoardView hideModule should hide the module with the given ID" time="0.003">
    </testcase>
    <testcase classname="BoardView renderMatrix should update the table#map with the provided matrix" name="BoardView renderMatrix should update the table#map with the provided matrix" time="0.019">
    </testcase>
    <testcase classname="BoardView displayExitPopUp should do something" name="BoardView displayExitPopUp should do something" time="0.001">
    </testcase>
  </testsuite>
  <testsuite name="Home" errors="0" failures="0" skipped="0" timestamp="2024-04-19T22:39:38" time="1.236" tests="2">
    <testcase classname="Home constructor should set up event listeners" name="Home constructor should set up event listeners" time="0.012">
    </testcase>
    <testcase classname="Home showModule should remove &quot;hidden&quot; class from module" name="Home showModule should remove &quot;hidden&quot; class from module" time="0.013">
    </testcase>
  </testsuite>
</testsuites>